This file contains any messages produced by compilers while
running configure, to aid debugging if configure makes a mistake.

It was created by libmemcached configure 1.0.18, which was
generated by GNU Autoconf 2.69.  Invocation command line was

  $ ./configure --prefix=/home/msms/codes/Repair_optimal/prototype/third_party/libmemcached CFLAGS=-O0 -g

## --------- ##
## Platform. ##
## --------- ##

hostname = node2
uname -m = x86_64
uname -r = 4.4.0-142-generic
uname -s = Linux
uname -v = #168-Ubuntu SMP Wed Jan 16 21:00:45 UTC 2019

/usr/bin/uname -p = unknown
/bin/uname -X     = unknown

/bin/arch              = unknown
/usr/bin/arch -k       = unknown
/usr/convex/getsysinfo = unknown
/usr/bin/hostinfo      = unknown
/bin/machine           = unknown
/usr/bin/oslevel       = unknown
/bin/universe          = unknown

PATH: /home/msms/cmake/cmake-3.25.1-linux-x86_64/bin
PATH: /home/msms/codes/Repair_optimal/tools/gcc_9.4.0/bin
PATH: /home/msms/codes/Repair_optimal/tools/gcc_9.4.0/lib64
PATH: /usr/bin
PATH: /usr/local/bin
PATH: /usr/sbin
PATH: /usr/local/sbin
PATH: /usr/local/bin
PATH: /usr/local/sbin
PATH: /usr/local/bin
PATH: /usr/sbin
PATH: /usr/bin
PATH: /sbin
PATH: /bin
PATH: /usr/games
PATH: /usr/local/games
PATH: /snap/bin
PATH: /bin


## ----------- ##
## Core tests. ##
## ----------- ##

configure:2952: checking for C compiler version
configure:2961: /home/msms/codes/Repair_optimal/tools/gcc_9.4.0/bin/gcc --version >&5
gcc (GCC) 9.4.0
Copyright (C) 2019 Free Software Foundation, Inc.
This is free software; see the source for copying conditions.  There is NO
warranty; not even for MERCHANTABILITY or FITNESS FOR A PARTICULAR PURPOSE.

configure:2972: $? = 0
configure:2961: /home/msms/codes/Repair_optimal/tools/gcc_9.4.0/bin/gcc -v >&5
Using built-in specs.
COLLECT_GCC=/home/msms/codes/Repair_optimal/tools/gcc_9.4.0/bin/gcc
COLLECT_LTO_WRAPPER=/home/msms/codes/Repair_optimal/tools/gcc_9.4.0/libexec/gcc/x86_64-pc-linux-gnu/9.4.0/lto-wrapper
Target: x86_64-pc-linux-gnu
Configured with: ../configure --disable-checking --enable-languages=c,c++ --disable-multilib --prefix=/home/msms/codes/Repair_optimal/tools/gcc_9.4.0
Thread model: posix
gcc version 9.4.0 (GCC) 
configure:2972: $? = 0
configure:2961: /home/msms/codes/Repair_optimal/tools/gcc_9.4.0/bin/gcc -V >&5
gcc: error: unrecognized command line option '-V'
gcc: fatal error: no input files
compilation terminated.
configure:2972: $? = 1
configure:2961: /home/msms/codes/Repair_optimal/tools/gcc_9.4.0/bin/gcc -qversion >&5
gcc: error: unrecognized command line option '-qversion'; did you mean '--version'?
gcc: fatal error: no input files
compilation terminated.
configure:2972: $? = 1
configure:2992: checking whether the C compiler works
configure:3014: /home/msms/codes/Repair_optimal/tools/gcc_9.4.0/bin/gcc -O0 -g   conftest.c  >&5
configure:3018: $? = 0
configure:3066: result: yes
configure:3069: checking for C compiler default output file name
configure:3071: result: a.out
configure:3077: checking for suffix of executables
configure:3084: /home/msms/codes/Repair_optimal/tools/gcc_9.4.0/bin/gcc -o conftest -O0 -g   conftest.c  >&5
configure:3088: $? = 0
configure:3110: result: 
configure:3132: checking whether we are cross compiling
configure:3140: /home/msms/codes/Repair_optimal/tools/gcc_9.4.0/bin/gcc -o conftest -O0 -g   conftest.c  >&5
configure:3144: $? = 0
configure:3151: ./conftest
configure:3155: $? = 0
configure:3170: result: no
configure:3175: checking for suffix of object files
configure:3197: /home/msms/codes/Repair_optimal/tools/gcc_9.4.0/bin/gcc -c -O0 -g  conftest.c >&5
configure:3201: $? = 0
configure:3222: result: o
configure:3226: checking whether we are using the GNU C compiler
configure:3245: /home/msms/codes/Repair_optimal/tools/gcc_9.4.0/bin/gcc -c -O0 -g  conftest.c >&5
configure:3245: $? = 0
configure:3254: result: yes
configure:3263: checking whether /home/msms/codes/Repair_optimal/tools/gcc_9.4.0/bin/gcc accepts -g
configure:3283: /home/msms/codes/Repair_optimal/tools/gcc_9.4.0/bin/gcc -c -g  conftest.c >&5
configure:3283: $? = 0
configure:3324: result: yes
configure:3341: checking for /home/msms/codes/Repair_optimal/tools/gcc_9.4.0/bin/gcc option to accept ISO C89
configure:3404: /home/msms/codes/Repair_optimal/tools/gcc_9.4.0/bin/gcc  -c -O0 -g  conftest.c >&5
configure:3404: $? = 0
configure:3417: result: none needed
configure:3549: checking for C++ compiler version
configure:3558: /home/msms/codes/Repair_optimal/tools/gcc_9.4.0/bin/g++ --version >&5
g++ (GCC) 9.4.0
Copyright (C) 2019 Free Software Foundation, Inc.
This is free software; see the source for copying conditions.  There is NO
warranty; not even for MERCHANTABILITY or FITNESS FOR A PARTICULAR PURPOSE.

configure:3569: $? = 0
configure:3558: /home/msms/codes/Repair_optimal/tools/gcc_9.4.0/bin/g++ -v >&5
Using built-in specs.
COLLECT_GCC=/home/msms/codes/Repair_optimal/tools/gcc_9.4.0/bin/g++
COLLECT_LTO_WRAPPER=/home/msms/codes/Repair_optimal/tools/gcc_9.4.0/libexec/gcc/x86_64-pc-linux-gnu/9.4.0/lto-wrapper
Target: x86_64-pc-linux-gnu
Configured with: ../configure --disable-checking --enable-languages=c,c++ --disable-multilib --prefix=/home/msms/codes/Repair_optimal/tools/gcc_9.4.0
Thread model: posix
gcc version 9.4.0 (GCC) 
configure:3569: $? = 0
configure:3558: /home/msms/codes/Repair_optimal/tools/gcc_9.4.0/bin/g++ -V >&5
g++: error: unrecognized command line option '-V'
g++: fatal error: no input files
compilation terminated.
configure:3569: $? = 1
configure:3558: /home/msms/codes/Repair_optimal/tools/gcc_9.4.0/bin/g++ -qversion >&5
g++: error: unrecognized command line option '-qversion'; did you mean '--version'?
g++: fatal error: no input files
compilation terminated.
configure:3569: $? = 1
configure:3573: checking whether we are using the GNU C++ compiler
configure:3592: /home/msms/codes/Repair_optimal/tools/gcc_9.4.0/bin/g++ -c   conftest.cpp >&5
configure:3592: $? = 0
configure:3601: result: yes
configure:3610: checking whether /home/msms/codes/Repair_optimal/tools/gcc_9.4.0/bin/g++ accepts -g
configure:3630: /home/msms/codes/Repair_optimal/tools/gcc_9.4.0/bin/g++ -c -g  conftest.cpp >&5
configure:3630: $? = 0
configure:3671: result: yes
configure:3730: checking build system type
configure:3744: result: x86_64-unknown-linux-gnu
configure:3764: checking host system type
configure:3777: result: x86_64-unknown-linux-gnu
configure:3813: checking how to run the C preprocessor
configure:3844: /home/msms/codes/Repair_optimal/tools/gcc_9.4.0/bin/gcc -E  conftest.c
configure:3844: $? = 0
configure:3858: /home/msms/codes/Repair_optimal/tools/gcc_9.4.0/bin/gcc -E  conftest.c
conftest.c:9:10: fatal error: ac_nonexistent.h: No such file or directory
    9 | #include <ac_nonexistent.h>
      |          ^~~~~~~~~~~~~~~~~~
compilation terminated.
configure:3858: $? = 1
configure: failed program was:
| /* confdefs.h */
| #define PACKAGE_NAME "libmemcached"
| #define PACKAGE_TARNAME "libmemcached"
| #define PACKAGE_VERSION "1.0.18"
| #define PACKAGE_STRING "libmemcached 1.0.18"
| #define PACKAGE_BUGREPORT "http://libmemcached.org/"
| #define PACKAGE_URL ""
| /* end confdefs.h.  */
| #include <ac_nonexistent.h>
configure:3883: result: /home/msms/codes/Repair_optimal/tools/gcc_9.4.0/bin/gcc -E
configure:3903: /home/msms/codes/Repair_optimal/tools/gcc_9.4.0/bin/gcc -E  conftest.c
configure:3903: $? = 0
configure:3917: /home/msms/codes/Repair_optimal/tools/gcc_9.4.0/bin/gcc -E  conftest.c
conftest.c:9:10: fatal error: ac_nonexistent.h: No such file or directory
    9 | #include <ac_nonexistent.h>
      |          ^~~~~~~~~~~~~~~~~~
compilation terminated.
configure:3917: $? = 1
configure: failed program was:
| /* confdefs.h */
| #define PACKAGE_NAME "libmemcached"
| #define PACKAGE_TARNAME "libmemcached"
| #define PACKAGE_VERSION "1.0.18"
| #define PACKAGE_STRING "libmemcached 1.0.18"
| #define PACKAGE_BUGREPORT "http://libmemcached.org/"
| #define PACKAGE_URL ""
| /* end confdefs.h.  */
| #include <ac_nonexistent.h>
configure:3946: checking for grep that handles long lines and -e
configure:4004: result: /bin/grep
configure:4009: checking for egrep
configure:4071: result: /bin/grep -E
configure:4076: checking for ANSI C header files
configure:4096: /home/msms/codes/Repair_optimal/tools/gcc_9.4.0/bin/gcc -c -O0 -g  conftest.c >&5
configure:4096: $? = 0
configure:4169: /home/msms/codes/Repair_optimal/tools/gcc_9.4.0/bin/gcc -o conftest -O0 -g   conftest.c  >&5
configure:4169: $? = 0
configure:4169: ./conftest
configure:4169: $? = 0
configure:4180: result: yes
configure:4193: checking for sys/types.h
configure:4193: /home/msms/codes/Repair_optimal/tools/gcc_9.4.0/bin/gcc -c -O0 -g  conftest.c >&5
configure:4193: $? = 0
configure:4193: result: yes
configure:4193: checking for sys/stat.h
configure:4193: /home/msms/codes/Repair_optimal/tools/gcc_9.4.0/bin/gcc -c -O0 -g  conftest.c >&5
configure:4193: $? = 0
configure:4193: result: yes
configure:4193: checking for stdlib.h
configure:4193: /home/msms/codes/Repair_optimal/tools/gcc_9.4.0/bin/gcc -c -O0 -g  conftest.c >&5
configure:4193: $? = 0
configure:4193: result: yes
configure:4193: checking for string.h
configure:4193: /home/msms/codes/Repair_optimal/tools/gcc_9.4.0/bin/gcc -c -O0 -g  conftest.c >&5
configure:4193: $? = 0
configure:4193: result: yes
configure:4193: checking for memory.h
configure:4193: /home/msms/codes/Repair_optimal/tools/gcc_9.4.0/bin/gcc -c -O0 -g  conftest.c >&5
configure:4193: $? = 0
configure:4193: result: yes
configure:4193: checking for strings.h
configure:4193: /home/msms/codes/Repair_optimal/tools/gcc_9.4.0/bin/gcc -c -O0 -g  conftest.c >&5
configure:4193: $? = 0
configure:4193: result: yes
configure:4193: checking for inttypes.h
configure:4193: /home/msms/codes/Repair_optimal/tools/gcc_9.4.0/bin/gcc -c -O0 -g  conftest.c >&5
configure:4193: $? = 0
configure:4193: result: yes
configure:4193: checking for stdint.h
configure:4193: /home/msms/codes/Repair_optimal/tools/gcc_9.4.0/bin/gcc -c -O0 -g  conftest.c >&5
configure:4193: $? = 0
configure:4193: result: yes
configure:4193: checking for unistd.h
configure:4193: /home/msms/codes/Repair_optimal/tools/gcc_9.4.0/bin/gcc -c -O0 -g  conftest.c >&5
configure:4193: $? = 0
configure:4193: result: yes
configure:4206: checking minix/config.h usability
configure:4206: /home/msms/codes/Repair_optimal/tools/gcc_9.4.0/bin/gcc -c -O0 -g  conftest.c >&5
conftest.c:52:10: fatal error: minix/config.h: No such file or directory
   52 | #include <minix/config.h>
      |          ^~~~~~~~~~~~~~~~
compilation terminated.
configure:4206: $? = 1
configure: failed program was:
| /* confdefs.h */
| #define PACKAGE_NAME "libmemcached"
| #define PACKAGE_TARNAME "libmemcached"
| #define PACKAGE_VERSION "1.0.18"
| #define PACKAGE_STRING "libmemcached 1.0.18"
| #define PACKAGE_BUGREPORT "http://libmemcached.org/"
| #define PACKAGE_URL ""
| #define STDC_HEADERS 1
| #define HAVE_SYS_TYPES_H 1
| #define HAVE_SYS_STAT_H 1
| #define HAVE_STDLIB_H 1
| #define HAVE_STRING_H 1
| #define HAVE_MEMORY_H 1
| #define HAVE_STRINGS_H 1
| #define HAVE_INTTYPES_H 1
| #define HAVE_STDINT_H 1
| #define HAVE_UNISTD_H 1
| /* end confdefs.h.  */
| #include <stdio.h>
| #ifdef HAVE_SYS_TYPES_H
| # include <sys/types.h>
| #endif
| #ifdef HAVE_SYS_STAT_H
| # include <sys/stat.h>
| #endif
| #ifdef STDC_HEADERS
| # include <stdlib.h>
| # include <stddef.h>
| #else
| # ifdef HAVE_STDLIB_H
| #  include <stdlib.h>
| # endif
| #endif
| #ifdef HAVE_STRING_H
| # if !defined STDC_HEADERS && defined HAVE_MEMORY_H
| #  include <memory.h>
| # endif
| # include <string.h>
| #endif
| #ifdef HAVE_STRINGS_H
| # include <strings.h>
| #endif
| #ifdef HAVE_INTTYPES_H
| # include <inttypes.h>
| #endif
| #ifdef HAVE_STDINT_H
| # include <stdint.h>
| #endif
| #ifdef HAVE_UNISTD_H
| # include <unistd.h>
| #endif
| #include <minix/config.h>
configure:4206: result: no
configure:4206: checking minix/config.h presence
configure:4206: /home/msms/codes/Repair_optimal/tools/gcc_9.4.0/bin/gcc -E  conftest.c
conftest.c:19:10: fatal error: minix/config.h: No such file or directory
   19 | #include <minix/config.h>
      |          ^~~~~~~~~~~~~~~~
compilation terminated.
configure:4206: $? = 1
configure: failed program was:
| /* confdefs.h */
| #define PACKAGE_NAME "libmemcached"
| #define PACKAGE_TARNAME "libmemcached"
| #define PACKAGE_VERSION "1.0.18"
| #define PACKAGE_STRING "libmemcached 1.0.18"
| #define PACKAGE_BUGREPORT "http://libmemcached.org/"
| #define PACKAGE_URL ""
| #define STDC_HEADERS 1
| #define HAVE_SYS_TYPES_H 1
| #define HAVE_SYS_STAT_H 1
| #define HAVE_STDLIB_H 1
| #define HAVE_STRING_H 1
| #define HAVE_MEMORY_H 1
| #define HAVE_STRINGS_H 1
| #define HAVE_INTTYPES_H 1
| #define HAVE_STDINT_H 1
| #define HAVE_UNISTD_H 1
| /* end confdefs.h.  */
| #include <minix/config.h>
configure:4206: result: no
configure:4206: checking for minix/config.h
configure:4206: result: no
configure:4227: checking whether it is safe to define __EXTENSIONS__
configure:4245: /home/msms/codes/Repair_optimal/tools/gcc_9.4.0/bin/gcc -c -O0 -g  conftest.c >&5
configure:4245: $? = 0
configure:4252: result: yes
configure:4283: checking for a BSD-compatible install
configure:4351: result: /usr/bin/install -c
configure:4362: checking whether build environment is sane
configure:4417: result: yes
configure:4558: checking for a thread-safe mkdir -p
configure:4597: result: /bin/mkdir -p
configure:4604: checking for gawk
configure:4620: found /usr/bin/gawk
configure:4631: result: gawk
configure:4642: checking whether make sets $(MAKE)
configure:4664: result: yes
configure:4694: checking for style of include used by make
configure:4722: result: GNU
configure:4756: checking whether make supports nested variables
configure:4773: result: yes
configure:4862: checking whether UID '1008' is supported by ustar format
configure:4865: result: yes
configure:4872: checking whether GID '1008' is supported by ustar format
configure:4875: result: yes
configure:4883: checking how to create a ustar tar archive
configure:4894: tar --version
tar (GNU tar) 1.28
Copyright (C) 2014 Free Software Foundation, Inc.
License GPLv3+: GNU GPL version 3 or later <http://gnu.org/licenses/gpl.html>.
This is free software: you are free to change and redistribute it.
There is NO WARRANTY, to the extent permitted by law.

Written by John Gilmore and Jay Fenlason.
configure:4897: $? = 0
configure:4937: tardir=conftest.dir && eval tar --format=ustar -chf - "$tardir" >conftest.tar
configure:4940: $? = 0
configure:4944: tar -xf - <conftest.tar
configure:4947: $? = 0
configure:4949: cat conftest.dir/file
GrepMe
configure:4952: $? = 0
configure:4965: result: gnutar
configure:4974: checking dependency style of /home/msms/codes/Repair_optimal/tools/gcc_9.4.0/bin/gcc
configure:5085: result: gcc3
configure:5102: checking dependency style of /home/msms/codes/Repair_optimal/tools/gcc_9.4.0/bin/g++
configure:5213: result: gcc3
configure:5331: checking how to print strings
configure:5358: result: printf
configure:5379: checking for a sed that does not truncate output
configure:5443: result: /bin/sed
configure:5461: checking for fgrep
configure:5523: result: /bin/grep -F
configure:5558: checking for ld used by /home/msms/codes/Repair_optimal/tools/gcc_9.4.0/bin/gcc
configure:5625: result: /usr/bin/ld
configure:5632: checking if the linker (/usr/bin/ld) is GNU ld
configure:5647: result: yes
configure:5659: checking for BSD- or MS-compatible name lister (nm)
configure:5708: result: /usr/bin/nm -B
configure:5838: checking the name lister (/usr/bin/nm -B) interface
configure:5845: /home/msms/codes/Repair_optimal/tools/gcc_9.4.0/bin/gcc -c -O0 -g  conftest.c >&5
configure:5848: /usr/bin/nm -B "conftest.o"
configure:5851: output
0000000000000000 B some_variable
configure:5858: result: BSD nm
configure:5861: checking whether ln -s works
configure:5865: result: yes
configure:5873: checking the maximum length of command line arguments
configure:6003: result: 1572864
configure:6020: checking whether the shell understands some XSI constructs
configure:6030: result: yes
configure:6034: checking whether the shell understands "+="
configure:6040: result: yes
configure:6075: checking how to convert x86_64-unknown-linux-gnu file names to x86_64-unknown-linux-gnu format
configure:6115: result: func_convert_file_noop
configure:6122: checking how to convert x86_64-unknown-linux-gnu file names to toolchain format
configure:6142: result: func_convert_file_noop
configure:6149: checking for /usr/bin/ld option to reload object files
configure:6156: result: -r
configure:6230: checking for objdump
configure:6246: found /usr/bin/objdump
configure:6257: result: objdump
configure:6289: checking how to recognize dependent libraries
configure:6491: result: pass_all
configure:6576: checking for dlltool
configure:6606: result: no
configure:6636: checking how to associate runtime and link libraries
configure:6663: result: printf %s\n
configure:6723: checking for ar
configure:6739: found /usr/bin/ar
configure:6750: result: ar
configure:6787: checking for archiver @FILE support
configure:6804: /home/msms/codes/Repair_optimal/tools/gcc_9.4.0/bin/gcc -c -O0 -g  conftest.c >&5
configure:6804: $? = 0
configure:6807: ar cru libconftest.a @conftest.lst >&5
ar: `u' modifier ignored since `D' is the default (see `U')
configure:6810: $? = 0
configure:6815: ar cru libconftest.a @conftest.lst >&5
ar: `u' modifier ignored since `D' is the default (see `U')
ar: conftest.o: No such file or directory
configure:6818: $? = 1
configure:6830: result: @
configure:6888: checking for strip
configure:6904: found /usr/bin/strip
configure:6915: result: strip
configure:6987: checking for ranlib
configure:7003: found /usr/bin/ranlib
configure:7014: result: ranlib
configure:7116: checking command to parse /usr/bin/nm -B output from /home/msms/codes/Repair_optimal/tools/gcc_9.4.0/bin/gcc object
configure:7236: /home/msms/codes/Repair_optimal/tools/gcc_9.4.0/bin/gcc -c -O0 -g  conftest.c >&5
configure:7239: $? = 0
configure:7243: /usr/bin/nm -B conftest.o \| sed -n -e 's/^.*[ ]\([ABCDGIRSTW][ABCDGIRSTW]*\)[ ][ ]*\([_A-Za-z][_A-Za-z0-9]*\)$/\1 \2 \2/p' | sed '/ __gnu_lto/d' \> conftest.nm
configure:7246: $? = 0
configure:7312: /home/msms/codes/Repair_optimal/tools/gcc_9.4.0/bin/gcc -o conftest -O0 -g   conftest.c conftstm.o >&5
configure:7315: $? = 0
configure:7353: result: ok
configure:7390: checking for sysroot
configure:7420: result: no
configure:7497: /home/msms/codes/Repair_optimal/tools/gcc_9.4.0/bin/gcc -c -O0 -g  conftest.c >&5
configure:7500: $? = 0
configure:7682: checking for mt
configure:7698: found /bin/mt
configure:7709: result: mt
configure:7732: checking if mt is a manifest tool
configure:7738: mt '-?'
configure:7746: result: no
configure:8385: checking for dlfcn.h
configure:8385: /home/msms/codes/Repair_optimal/tools/gcc_9.4.0/bin/gcc -c -O0 -g  conftest.c >&5
configure:8385: $? = 0
configure:8385: result: yes
configure:8601: checking for objdir
configure:8616: result: .libs
configure:8887: checking if /home/msms/codes/Repair_optimal/tools/gcc_9.4.0/bin/gcc supports -fno-rtti -fno-exceptions
configure:8905: /home/msms/codes/Repair_optimal/tools/gcc_9.4.0/bin/gcc -c -O0 -g  -fno-rtti -fno-exceptions conftest.c >&5
cc1: warning: command line option '-fno-rtti' is valid for C++/D/ObjC++ but not for C
configure:8909: $? = 0
configure:8922: result: no
configure:9249: checking for /home/msms/codes/Repair_optimal/tools/gcc_9.4.0/bin/gcc option to produce PIC
configure:9256: result: -fPIC -DPIC
configure:9264: checking if /home/msms/codes/Repair_optimal/tools/gcc_9.4.0/bin/gcc PIC flag -fPIC -DPIC works
configure:9282: /home/msms/codes/Repair_optimal/tools/gcc_9.4.0/bin/gcc -c -O0 -g  -fPIC -DPIC -DPIC conftest.c >&5
configure:9286: $? = 0
configure:9299: result: yes
configure:9328: checking if /home/msms/codes/Repair_optimal/tools/gcc_9.4.0/bin/gcc static flag -static works
configure:9356: result: yes
configure:9371: checking if /home/msms/codes/Repair_optimal/tools/gcc_9.4.0/bin/gcc supports -c -o file.o
configure:9392: /home/msms/codes/Repair_optimal/tools/gcc_9.4.0/bin/gcc -c -O0 -g  -o out/conftest2.o conftest.c >&5
configure:9396: $? = 0
configure:9418: result: yes
configure:9426: checking if /home/msms/codes/Repair_optimal/tools/gcc_9.4.0/bin/gcc supports -c -o file.o
configure:9473: result: yes
configure:9506: checking whether the /home/msms/codes/Repair_optimal/tools/gcc_9.4.0/bin/gcc linker (/usr/bin/ld -m elf_x86_64) supports shared libraries
configure:10659: result: yes
configure:10696: checking whether -lc should be explicitly linked in
configure:10704: /home/msms/codes/Repair_optimal/tools/gcc_9.4.0/bin/gcc -c -O0 -g  conftest.c >&5
configure:10707: $? = 0
configure:10722: /home/msms/codes/Repair_optimal/tools/gcc_9.4.0/bin/gcc -shared  -fPIC -DPIC conftest.o  -v -Wl,-soname -Wl,conftest -o conftest 2\>\&1 \| /bin/grep  -lc  \>/dev/null 2\>\&1
configure:10725: $? = 0
configure:10739: result: no
configure:10899: checking dynamic linker characteristics
configure:11410: /home/msms/codes/Repair_optimal/tools/gcc_9.4.0/bin/gcc -o conftest -O0 -g   -Wl,-rpath -Wl,/foo conftest.c  >&5
configure:11410: $? = 0
configure:11636: result: GNU/Linux ld.so
configure:11743: checking how to hardcode library paths into programs
configure:11768: result: immediate
configure:11862: checking for shl_load
configure:11862: /home/msms/codes/Repair_optimal/tools/gcc_9.4.0/bin/gcc -o conftest -O0 -g   conftest.c  >&5
/tmp/cc0IjegI.o: In function `main':
/home/msms/codes/Repair_optimal/prototype/src/libmemcached-1.0.18/conftest.c:62: undefined reference to `shl_load'
collect2: error: ld returned 1 exit status
configure:11862: $? = 1
configure: failed program was:
| /* confdefs.h */
| #define PACKAGE_NAME "libmemcached"
| #define PACKAGE_TARNAME "libmemcached"
| #define PACKAGE_VERSION "1.0.18"
| #define PACKAGE_STRING "libmemcached 1.0.18"
| #define PACKAGE_BUGREPORT "http://libmemcached.org/"
| #define PACKAGE_URL ""
| #define STDC_HEADERS 1
| #define HAVE_SYS_TYPES_H 1
| #define HAVE_SYS_STAT_H 1
| #define HAVE_STDLIB_H 1
| #define HAVE_STRING_H 1
| #define HAVE_MEMORY_H 1
| #define HAVE_STRINGS_H 1
| #define HAVE_INTTYPES_H 1
| #define HAVE_STDINT_H 1
| #define HAVE_UNISTD_H 1
| #define __EXTENSIONS__ 1
| #define _ALL_SOURCE 1
| #define _GNU_SOURCE 1
| #define _POSIX_PTHREAD_SEMANTICS 1
| #define _TANDEM_SOURCE 1
| #define PACKAGE "libmemcached"
| #define VERSION "1.0.18"
| #define HAVE_DLFCN_H 1
| #define LT_OBJDIR ".libs/"
| /* end confdefs.h.  */
| /* Define shl_load to an innocuous variant, in case <limits.h> declares shl_load.
|    For example, HP-UX 11i <limits.h> declares gettimeofday.  */
| #define shl_load innocuous_shl_load
| 
| /* System header to define __stub macros and hopefully few prototypes,
|     which can conflict with char shl_load (); below.
|     Prefer <limits.h> to <assert.h> if __STDC__ is defined, since
|     <limits.h> exists even on freestanding compilers.  */
| 
| #ifdef __STDC__
| # include <limits.h>
| #else
| # include <assert.h>
| #endif
| 
| #undef shl_load
| 
| /* Override any GCC internal prototype to avoid an error.
|    Use char because int might match the return type of a GCC
|    builtin and then its argument prototype would still apply.  */
| #ifdef __cplusplus
| extern "C"
| #endif
| char shl_load ();
| /* The GNU C library defines this for functions which it implements
|     to always fail with ENOSYS.  Some functions are actually named
|     something starting with __ and the normal name is an alias.  */
| #if defined __stub_shl_load || defined __stub___shl_load
| choke me
| #endif
| 
| int
| main ()
| {
| return shl_load ();
|   ;
|   return 0;
| }
configure:11862: result: no
configure:11866: checking for shl_load in -ldld
configure:11891: /home/msms/codes/Repair_optimal/tools/gcc_9.4.0/bin/gcc -o conftest -O0 -g   conftest.c -ldld   >&5
/usr/bin/ld: cannot find -ldld
collect2: error: ld returned 1 exit status
configure:11891: $? = 1
configure: failed program was:
| /* confdefs.h */
| #define PACKAGE_NAME "libmemcached"
| #define PACKAGE_TARNAME "libmemcached"
| #define PACKAGE_VERSION "1.0.18"
| #define PACKAGE_STRING "libmemcached 1.0.18"
| #define PACKAGE_BUGREPORT "http://libmemcached.org/"
| #define PACKAGE_URL ""
| #define STDC_HEADERS 1
| #define HAVE_SYS_TYPES_H 1
| #define HAVE_SYS_STAT_H 1
| #define HAVE_STDLIB_H 1
| #define HAVE_STRING_H 1
| #define HAVE_MEMORY_H 1
| #define HAVE_STRINGS_H 1
| #define HAVE_INTTYPES_H 1
| #define HAVE_STDINT_H 1
| #define HAVE_UNISTD_H 1
| #define __EXTENSIONS__ 1
| #define _ALL_SOURCE 1
| #define _GNU_SOURCE 1
| #define _POSIX_PTHREAD_SEMANTICS 1
| #define _TANDEM_SOURCE 1
| #define PACKAGE "libmemcached"
| #define VERSION "1.0.18"
| #define HAVE_DLFCN_H 1
| #define LT_OBJDIR ".libs/"
| /* end confdefs.h.  */
| 
| /* Override any GCC internal prototype to avoid an error.
|    Use char because int might match the return type of a GCC
|    builtin and then its argument prototype would still apply.  */
| #ifdef __cplusplus
| extern "C"
| #endif
| char shl_load ();
| int
| main ()
| {
| return shl_load ();
|   ;
|   return 0;
| }
configure:11900: result: no
configure:11905: checking for dlopen
configure:11905: /home/msms/codes/Repair_optimal/tools/gcc_9.4.0/bin/gcc -o conftest -O0 -g   conftest.c  >&5
/tmp/ccEN6PwG.o: In function `main':
/home/msms/codes/Repair_optimal/prototype/src/libmemcached-1.0.18/conftest.c:62: undefined reference to `dlopen'
collect2: error: ld returned 1 exit status
configure:11905: $? = 1
configure: failed program was:
| /* confdefs.h */
| #define PACKAGE_NAME "libmemcached"
| #define PACKAGE_TARNAME "libmemcached"
| #define PACKAGE_VERSION "1.0.18"
| #define PACKAGE_STRING "libmemcached 1.0.18"
| #define PACKAGE_BUGREPORT "http://libmemcached.org/"
| #define PACKAGE_URL ""
| #define STDC_HEADERS 1
| #define HAVE_SYS_TYPES_H 1
| #define HAVE_SYS_STAT_H 1
| #define HAVE_STDLIB_H 1
| #define HAVE_STRING_H 1
| #define HAVE_MEMORY_H 1
| #define HAVE_STRINGS_H 1
| #define HAVE_INTTYPES_H 1
| #define HAVE_STDINT_H 1
| #define HAVE_UNISTD_H 1
| #define __EXTENSIONS__ 1
| #define _ALL_SOURCE 1
| #define _GNU_SOURCE 1
| #define _POSIX_PTHREAD_SEMANTICS 1
| #define _TANDEM_SOURCE 1
| #define PACKAGE "libmemcached"
| #define VERSION "1.0.18"
| #define HAVE_DLFCN_H 1
| #define LT_OBJDIR ".libs/"
| /* end confdefs.h.  */
| /* Define dlopen to an innocuous variant, in case <limits.h> declares dlopen.
|    For example, HP-UX 11i <limits.h> declares gettimeofday.  */
| #define dlopen innocuous_dlopen
| 
| /* System header to define __stub macros and hopefully few prototypes,
|     which can conflict with char dlopen (); below.
|     Prefer <limits.h> to <assert.h> if __STDC__ is defined, since
|     <limits.h> exists even on freestanding compilers.  */
| 
| #ifdef __STDC__
| # include <limits.h>
| #else
| # include <assert.h>
| #endif
| 
| #undef dlopen
| 
| /* Override any GCC internal prototype to avoid an error.
|    Use char because int might match the return type of a GCC
|    builtin and then its argument prototype would still apply.  */
| #ifdef __cplusplus
| extern "C"
| #endif
| char dlopen ();
| /* The GNU C library defines this for functions which it implements
|     to always fail with ENOSYS.  Some functions are actually named
|     something starting with __ and the normal name is an alias.  */
| #if defined __stub_dlopen || defined __stub___dlopen
| choke me
| #endif
| 
| int
| main ()
| {
| return dlopen ();
|   ;
|   return 0;
| }
configure:11905: result: no
configure:11909: checking for dlopen in -ldl
configure:11934: /home/msms/codes/Repair_optimal/tools/gcc_9.4.0/bin/gcc -o conftest -O0 -g   conftest.c -ldl   >&5
configure:11934: $? = 0
configure:11943: result: yes
configure:12062: checking whether a program can dlopen itself
configure:12142: /home/msms/codes/Repair_optimal/tools/gcc_9.4.0/bin/gcc -o conftest -O0 -g  -DHAVE_DLFCN_H  -Wl,--export-dynamic conftest.c -ldl  >&5
configure:12145: $? = 0
configure:12163: result: yes
configure:12168: checking whether a statically linked program can dlopen itself
configure:12248: /home/msms/codes/Repair_optimal/tools/gcc_9.4.0/bin/gcc -o conftest -O0 -g  -DHAVE_DLFCN_H  -Wl,--export-dynamic -static conftest.c -ldl  >&5
/tmp/ccyR56oM.o: In function `main':
/home/msms/codes/Repair_optimal/prototype/src/libmemcached-1.0.18/configure:12227: warning: Using 'dlopen' in statically linked applications requires at runtime the shared libraries from the glibc version used for linking
/usr/bin/ld: dynamic STT_GNU_IFUNC symbol `strcmp' with pointer equality in `/usr/lib/x86_64-linux-gnu/libc.a(strcmp.o)' can not be used when making an executable; recompile with -fPIE and relink with -pie
collect2: error: ld returned 1 exit status
configure:12251: $? = 1
configure:12269: result: no
configure:12308: checking whether stripping libraries is possible
configure:12313: result: yes
configure:12348: checking if libtool supports shared libraries
configure:12350: result: yes
configure:12353: checking whether to build shared libraries
configure:12374: result: yes
configure:12377: checking whether to build static libraries
configure:12381: result: yes
configure:12404: checking how to run the C++ preprocessor
configure:12431: /home/msms/codes/Repair_optimal/tools/gcc_9.4.0/bin/g++ -E  conftest.cpp
configure:12431: $? = 0
configure:12445: /home/msms/codes/Repair_optimal/tools/gcc_9.4.0/bin/g++ -E  conftest.cpp
conftest.cpp:28:10: fatal error: ac_nonexistent.h: No such file or directory
   28 | #include <ac_nonexistent.h>
      |          ^~~~~~~~~~~~~~~~~~
compilation terminated.
configure:12445: $? = 1
configure: failed program was:
| /* confdefs.h */
| #define PACKAGE_NAME "libmemcached"
| #define PACKAGE_TARNAME "libmemcached"
| #define PACKAGE_VERSION "1.0.18"
| #define PACKAGE_STRING "libmemcached 1.0.18"
| #define PACKAGE_BUGREPORT "http://libmemcached.org/"
| #define PACKAGE_URL ""
| #define STDC_HEADERS 1
| #define HAVE_SYS_TYPES_H 1
| #define HAVE_SYS_STAT_H 1
| #define HAVE_STDLIB_H 1
| #define HAVE_STRING_H 1
| #define HAVE_MEMORY_H 1
| #define HAVE_STRINGS_H 1
| #define HAVE_INTTYPES_H 1
| #define HAVE_STDINT_H 1
| #define HAVE_UNISTD_H 1
| #define __EXTENSIONS__ 1
| #define _ALL_SOURCE 1
| #define _GNU_SOURCE 1
| #define _POSIX_PTHREAD_SEMANTICS 1
| #define _TANDEM_SOURCE 1
| #define PACKAGE "libmemcached"
| #define VERSION "1.0.18"
| #define HAVE_DLFCN_H 1
| #define LT_OBJDIR ".libs/"
| /* end confdefs.h.  */
| #include <ac_nonexistent.h>
configure:12470: result: /home/msms/codes/Repair_optimal/tools/gcc_9.4.0/bin/g++ -E
configure:12490: /home/msms/codes/Repair_optimal/tools/gcc_9.4.0/bin/g++ -E  conftest.cpp
configure:12490: $? = 0
configure:12504: /home/msms/codes/Repair_optimal/tools/gcc_9.4.0/bin/g++ -E  conftest.cpp
conftest.cpp:28:10: fatal error: ac_nonexistent.h: No such file or directory
   28 | #include <ac_nonexistent.h>
      |          ^~~~~~~~~~~~~~~~~~
compilation terminated.
configure:12504: $? = 1
configure: failed program was:
| /* confdefs.h */
| #define PACKAGE_NAME "libmemcached"
| #define PACKAGE_TARNAME "libmemcached"
| #define PACKAGE_VERSION "1.0.18"
| #define PACKAGE_STRING "libmemcached 1.0.18"
| #define PACKAGE_BUGREPORT "http://libmemcached.org/"
| #define PACKAGE_URL ""
| #define STDC_HEADERS 1
| #define HAVE_SYS_TYPES_H 1
| #define HAVE_SYS_STAT_H 1
| #define HAVE_STDLIB_H 1
| #define HAVE_STRING_H 1
| #define HAVE_MEMORY_H 1
| #define HAVE_STRINGS_H 1
| #define HAVE_INTTYPES_H 1
| #define HAVE_STDINT_H 1
| #define HAVE_UNISTD_H 1
| #define __EXTENSIONS__ 1
| #define _ALL_SOURCE 1
| #define _GNU_SOURCE 1
| #define _POSIX_PTHREAD_SEMANTICS 1
| #define _TANDEM_SOURCE 1
| #define PACKAGE "libmemcached"
| #define VERSION "1.0.18"
| #define HAVE_DLFCN_H 1
| #define LT_OBJDIR ".libs/"
| /* end confdefs.h.  */
| #include <ac_nonexistent.h>
configure:12673: checking for ld used by /home/msms/codes/Repair_optimal/tools/gcc_9.4.0/bin/g++
configure:12740: result: /usr/bin/ld -m elf_x86_64
configure:12747: checking if the linker (/usr/bin/ld -m elf_x86_64) is GNU ld
configure:12762: result: yes
configure:12817: checking whether the /home/msms/codes/Repair_optimal/tools/gcc_9.4.0/bin/g++ linker (/usr/bin/ld -m elf_x86_64) supports shared libraries
configure:13822: result: yes
configure:13858: /home/msms/codes/Repair_optimal/tools/gcc_9.4.0/bin/g++ -c -g -O2  conftest.cpp >&5
configure:13861: $? = 0
configure:14381: checking for /home/msms/codes/Repair_optimal/tools/gcc_9.4.0/bin/g++ option to produce PIC
configure:14388: result: -fPIC -DPIC
configure:14396: checking if /home/msms/codes/Repair_optimal/tools/gcc_9.4.0/bin/g++ PIC flag -fPIC -DPIC works
configure:14414: /home/msms/codes/Repair_optimal/tools/gcc_9.4.0/bin/g++ -c -g -O2  -fPIC -DPIC -DPIC conftest.cpp >&5
configure:14418: $? = 0
configure:14431: result: yes
configure:14454: checking if /home/msms/codes/Repair_optimal/tools/gcc_9.4.0/bin/g++ static flag -static works

## ---------------- ##
## Cache variables. ##
## ---------------- ##

ac_cv_build=x86_64-unknown-linux-gnu
ac_cv_c_compiler_gnu=yes
ac_cv_cxx_compiler_gnu=yes
ac_cv_env_CCC_set=
ac_cv_env_CCC_value=
ac_cv_env_CC_set=set
ac_cv_env_CC_value=/home/msms/codes/Repair_optimal/tools/gcc_9.4.0/bin/gcc
ac_cv_env_CFLAGS_set=set
ac_cv_env_CFLAGS_value='-O0 -g'
ac_cv_env_CPPFLAGS_set=
ac_cv_env_CPPFLAGS_value=
ac_cv_env_CPP_set=
ac_cv_env_CPP_value=
ac_cv_env_CXXCPP_set=
ac_cv_env_CXXCPP_value=
ac_cv_env_CXXFLAGS_set=
ac_cv_env_CXXFLAGS_value=
ac_cv_env_CXX_set=set
ac_cv_env_CXX_value=/home/msms/codes/Repair_optimal/tools/gcc_9.4.0/bin/g++
ac_cv_env_GEARMAND_BINARY_set=
ac_cv_env_GEARMAND_BINARY_value=
ac_cv_env_LCOV_GENHTML_set=
ac_cv_env_LCOV_GENHTML_value=
ac_cv_env_LCOV_set=
ac_cv_env_LCOV_value=
ac_cv_env_LDFLAGS_set=
ac_cv_env_LDFLAGS_value=
ac_cv_env_LIBGEARMAN_CPPFLAGS_set=
ac_cv_env_LIBGEARMAN_CPPFLAGS_value=
ac_cv_env_LIBGEARMAN_LDFLAGS_set=
ac_cv_env_LIBGEARMAN_LDFLAGS_value=
ac_cv_env_LIBSASL_CPPFLAGS_set=
ac_cv_env_LIBSASL_CPPFLAGS_value=
ac_cv_env_LIBSASL_LDFLAGS_set=
ac_cv_env_LIBSASL_LDFLAGS_value=
ac_cv_env_LIBS_set=
ac_cv_env_LIBS_value=
ac_cv_env_MCHECK_CPPFLAGS_set=
ac_cv_env_MCHECK_CPPFLAGS_value=
ac_cv_env_MCHECK_LDFLAGS_set=
ac_cv_env_MCHECK_LDFLAGS_value=
ac_cv_env_MEMCACHED_BINARY_set=
ac_cv_env_MEMCACHED_BINARY_value=
ac_cv_env_MYSQL_CONFIG_set=
ac_cv_env_MYSQL_CONFIG_value=
ac_cv_env_SPHINXBUILD_set=
ac_cv_env_SPHINXBUILD_value=
ac_cv_env_build_alias_set=
ac_cv_env_build_alias_value=
ac_cv_env_host_alias_set=
ac_cv_env_host_alias_value=
ac_cv_env_target_alias_set=
ac_cv_env_target_alias_value=
ac_cv_func_dlopen=no
ac_cv_func_shl_load=no
ac_cv_header_dlfcn_h=yes
ac_cv_header_inttypes_h=yes
ac_cv_header_memory_h=yes
ac_cv_header_minix_config_h=no
ac_cv_header_stdc=yes
ac_cv_header_stdint_h=yes
ac_cv_header_stdlib_h=yes
ac_cv_header_string_h=yes
ac_cv_header_strings_h=yes
ac_cv_header_sys_stat_h=yes
ac_cv_header_sys_types_h=yes
ac_cv_header_unistd_h=yes
ac_cv_host=x86_64-unknown-linux-gnu
ac_cv_lib_dl_dlopen=yes
ac_cv_lib_dld_shl_load=no
ac_cv_objext=o
ac_cv_path_EGREP='/bin/grep -E'
ac_cv_path_FGREP='/bin/grep -F'
ac_cv_path_GREP=/bin/grep
ac_cv_path_SED=/bin/sed
ac_cv_path_install='/usr/bin/install -c'
ac_cv_path_mkdir=/bin/mkdir
ac_cv_prog_AWK=gawk
ac_cv_prog_CPP='/home/msms/codes/Repair_optimal/tools/gcc_9.4.0/bin/gcc -E'
ac_cv_prog_CXXCPP='/home/msms/codes/Repair_optimal/tools/gcc_9.4.0/bin/g++ -E'
ac_cv_prog_ac_ct_AR=ar
ac_cv_prog_ac_ct_MANIFEST_TOOL=mt
ac_cv_prog_ac_ct_OBJDUMP=objdump
ac_cv_prog_ac_ct_RANLIB=ranlib
ac_cv_prog_ac_ct_STRIP=strip
ac_cv_prog_cc_c89=
ac_cv_prog_cc_g=yes
ac_cv_prog_cxx_g=yes
ac_cv_prog_make_make_set=yes
ac_cv_safe_to_define___extensions__=yes
am_cv_CC_dependencies_compiler_type=gcc3
am_cv_CXX_dependencies_compiler_type=gcc3
am_cv_make_support_nested_variables=yes
am_cv_prog_tar_ustar=gnutar
lt_cv_ar_at_file=@
lt_cv_archive_cmds_need_lc=no
lt_cv_deplibs_check_method=pass_all
lt_cv_dlopen=dlopen
lt_cv_dlopen_libs=-ldl
lt_cv_dlopen_self=yes
lt_cv_dlopen_self_static=no
lt_cv_file_magic_cmd='$MAGIC_CMD'
lt_cv_file_magic_test_file=
lt_cv_ld_reload_flag=-r
lt_cv_nm_interface='BSD nm'
lt_cv_objdir=.libs
lt_cv_path_LD='/usr/bin/ld -m elf_x86_64'
lt_cv_path_NM='/usr/bin/nm -B'
lt_cv_path_mainfest_tool=no
lt_cv_prog_compiler_c_o=yes
lt_cv_prog_compiler_pic='-fPIC -DPIC'
lt_cv_prog_compiler_pic_CXX='-fPIC -DPIC'
lt_cv_prog_compiler_pic_works=yes
lt_cv_prog_compiler_pic_works_CXX=yes
lt_cv_prog_compiler_rtti_exceptions=no
lt_cv_prog_compiler_static_works=yes
lt_cv_prog_compiler_static_works_CXX=no
lt_cv_prog_gnu_ld=yes
lt_cv_sharedlib_from_linklib_cmd='printf %s\n'
lt_cv_shlibpath_overrides_runpath=no
lt_cv_sys_global_symbol_pipe='sed -n -e '\''s/^.*[	 ]\([ABCDGIRSTW][ABCDGIRSTW]*\)[	 ][	 ]*\([_A-Za-z][_A-Za-z0-9]*\)$/\1 \2 \2/p'\'' | sed '\''/ __gnu_lto/d'\'''
lt_cv_sys_global_symbol_to_c_name_address='sed -n -e '\''s/^: \([^ ]*\)[ ]*$/  {\"\1\", (void *) 0},/p'\'' -e '\''s/^[ABCDGIRSTW]* \([^ ]*\) \([^ ]*\)$/  {"\2", (void *) \&\2},/p'\'''
lt_cv_sys_global_symbol_to_c_name_address_lib_prefix='sed -n -e '\''s/^: \([^ ]*\)[ ]*$/  {\"\1\", (void *) 0},/p'\'' -e '\''s/^[ABCDGIRSTW]* \([^ ]*\) \(lib[^ ]*\)$/  {"\2", (void *) \&\2},/p'\'' -e '\''s/^[ABCDGIRSTW]* \([^ ]*\) \([^ ]*\)$/  {"lib\2", (void *) \&\2},/p'\'''
lt_cv_sys_global_symbol_to_cdecl='sed -n -e '\''s/^T .* \(.*\)$/extern int \1();/p'\'' -e '\''s/^[ABCDGIRSTW]* .* \(.*\)$/extern char \1;/p'\'''
lt_cv_sys_max_cmd_len=1572864
lt_cv_to_host_file_cmd=func_convert_file_noop
lt_cv_to_tool_file_cmd=func_convert_file_noop

## ----------------- ##
## Output variables. ##
## ----------------- ##

ACLOCAL='${SHELL} /home/msms/codes/Repair_optimal/prototype/src/libmemcached-1.0.18/build-aux/missing aclocal-1.13'
ALLOCA=''
AMDEPBACKSLASH='\'
AMDEP_FALSE='#'
AMDEP_TRUE=''
AMINCLUDE=''
AMTAR='$${TAR-tar}'
AM_BACKSLASH='\'
AM_DEFAULT_V='$(AM_DEFAULT_VERBOSITY)'
AM_DEFAULT_VERBOSITY='1'
AM_V='$(V)'
AR='ar'
AUTOCONF='${SHELL} /home/msms/codes/Repair_optimal/prototype/src/libmemcached-1.0.18/build-aux/missing autoconf'
AUTOHEADER='${SHELL} /home/msms/codes/Repair_optimal/prototype/src/libmemcached-1.0.18/build-aux/missing autoheader'
AUTOHEADER_FILE='mem_config.h'
AUTOMAKE='${SHELL} /home/msms/codes/Repair_optimal/prototype/src/libmemcached-1.0.18/build-aux/missing automake-1.13'
AWK='gawk'
BUILDING_GEARMAN_FALSE=''
BUILDING_GEARMAN_TRUE=''
BUILDING_LIBMEMCACHED_FALSE=''
BUILDING_LIBMEMCACHED_TRUE=''
BUILD_BYTEORDER_FALSE=''
BUILD_BYTEORDER_TRUE=''
BUILD_CACHE_FALSE=''
BUILD_CACHE_TRUE=''
BUILD_LIBMEMCACHED_PROTOCOL_FALSE=''
BUILD_LIBMEMCACHED_PROTOCOL_TRUE=''
BUILD_MEMASLAP_FALSE=''
BUILD_MEMASLAP_TRUE=''
BUILD_POLL_FALSE=''
BUILD_POLL_TRUE=''
BUILD_WIN32_FALSE=''
BUILD_WIN32_TRUE=''
BUILD_WIN32_WRAPPERS_FALSE=''
BUILD_WIN32_WRAPPERS_TRUE=''
CC='/home/msms/codes/Repair_optimal/tools/gcc_9.4.0/bin/g++'
CCDEPMODE='depmode=gcc3'
CC_VERSION=''
CC_VERSION_VENDOR=''
CFLAGS='-g -O2'
CFLAG_VISIBILITY=''
CPP='/home/msms/codes/Repair_optimal/tools/gcc_9.4.0/bin/gcc -E'
CPPFLAGS=''
CXX='/home/msms/codes/Repair_optimal/tools/gcc_9.4.0/bin/g++'
CXXCPP='/home/msms/codes/Repair_optimal/tools/gcc_9.4.0/bin/g++ -E'
CXXDEPMODE='depmode=gcc3'
CXXFLAGS='-g -O2'
CXX_VERSION=''
CXX_VERSION_VENDOR=''
CYGPATH_W='echo'
DEBUG_FALSE=''
DEBUG_TRUE=''
DEFS=''
DEPDIR='.deps'
DEPRECATED=''
DLLTOOL='false'
DPKG_GENSYMBOLS=''
DSYMUTIL=''
DTRACE=''
DTRACEFLAGS=''
DTRACE_NEEDS_OBJECTS_FALSE=''
DTRACE_NEEDS_OBJECTS_TRUE=''
DUMPBIN=''
ECHO_C=''
ECHO_N='-n'
ECHO_T=''
EGREP='/bin/grep -E'
EXEEXT=''
FGREP='/bin/grep -F'
GEARMAND_BINARY=''
GREP='/bin/grep'
HASHKIT_LIBRARY_VERSION='2:0:0'
HAVE_DTRACE_FALSE=''
HAVE_DTRACE_TRUE=''
HAVE_LIBDRIZZLE_FALSE=''
HAVE_LIBDRIZZLE_TRUE=''
HAVE_LIBEVENT_FALSE=''
HAVE_LIBEVENT_TRUE=''
HAVE_LIBMEMCACHED_FALSE=''
HAVE_LIBMEMCACHED_TRUE=''
HAVE_LIBMYSQL_FALSE=''
HAVE_LIBMYSQL_TRUE=''
HAVE_LIBUUID_FALSE=''
HAVE_LIBUUID_TRUE=''
HAVE_SASL_FALSE=''
HAVE_SASL_TRUE=''
HAVE_VISIBILITY=''
HOST_FREEBSD_FALSE=''
HOST_FREEBSD_TRUE=''
HOST_LINUX_FALSE=''
HOST_LINUX_TRUE=''
HOST_OSX_FALSE=''
HOST_OSX_TRUE=''
INCLUDE_HSIEH_SRC_FALSE=''
INCLUDE_HSIEH_SRC_TRUE=''
INCLUDE_MURMUR_SRC_FALSE=''
INCLUDE_MURMUR_SRC_TRUE=''
INC_AMINCLUDE=''
INSTALL_DATA='${INSTALL} -m 644'
INSTALL_PROGRAM='${INSTALL}'
INSTALL_SCRIPT='${INSTALL}'
INSTALL_STRIP_PROGRAM='$(install_sh) -c -s'
IS_VCS_CHECKOUT_FALSE=''
IS_VCS_CHECKOUT_TRUE=''
LCOV=''
LCOV_GENHTML=''
LD='/usr/bin/ld -m elf_x86_64'
LDFLAGS=' -static'
LEX=''
LIBEVENT_LIB=''
LIBGEARMAN_CPPFLAGS=''
LIBGEARMAN_LDFLAGS=''
LIBHASHKIT_VERSION_HEX='0x01000000'
LIBHASHKIT_VERSION_STRING='1.0.0'
LIBM=''
LIBMEMCACHED_VERSION_HEX='0x01000018'
LIBMEMCACHED_VERSION_STRING='1.0.18'
LIBMEMCACHED_WITH_SASL_SUPPORT=''
LIBOBJS=''
LIBS=''
LIBSASL_CPPFLAGS=''
LIBSASL_LDFLAGS=''
LIBTEST_VERSION=''
LIBTOOL='$(SHELL) $(top_builddir)/libtool'
LIBUUID_LIB=''
LIPO=''
LN_S='ln -s'
LTLIBOBJS=''
MAKEINFO='${SHELL} /home/msms/codes/Repair_optimal/prototype/src/libmemcached-1.0.18/build-aux/missing makeinfo'
MANIFEST_TOOL=':'
MCHECK=''
MCHECK_CPPFLAGS=''
MCHECK_LDFLAGS=''
MEMCACHED_BINARY=''
MEMCACHED_LIBRARY_VERSION='11:0:0'
MEMCACHED_PROTOCAL_LIBRARY_VERSION='0:0:0'
MEMCACHED_UTIL_LIBRARY_VERSION='2:0:0'
MKDIR_P='/bin/mkdir -p'
MYSQLD=''
MYSQL_CFLAGS=''
MYSQL_CONFIG=''
MYSQL_INCLUDE=''
MYSQL_LDFLAGS=''
MYSQL_VERSION=''
NM='/usr/bin/nm -B'
NMEDIT=''
OBJDUMP='objdump'
OBJEXT='o'
OTOOL64=''
OTOOL=''
PACKAGE='libmemcached'
PACKAGE_BUGREPORT='http://libmemcached.org/'
PACKAGE_NAME='libmemcached'
PACKAGE_STRING='libmemcached 1.0.18'
PACKAGE_TARNAME='libmemcached'
PACKAGE_URL=''
PACKAGE_VERSION='1.0.18'
PATH_SEPARATOR=':'
PERL=''
PTHREAD_CC=''
PTHREAD_CFLAGS=''
PTHREAD_LIBS=''
RANLIB='ranlib'
RPM=''
RPMBUILD=''
RPMDEV_SETUPTREE=''
RPM_RELEASE='1'
RT_LIB=''
SASL_LIB=''
SED='/bin/sed'
SET_MAKE=''
SHARED_ENABLED_FALSE=''
SHARED_ENABLED_TRUE=''
SHELL='/bin/bash'
SPHINXBUILD=''
STRIP='strip'
VALGRIND=''
VERSION='1.0.18'
WINE=''
YACC=''
ac_ct_AR='ar'
ac_ct_CC=''
ac_ct_CXX=''
ac_ct_DUMPBIN=''
am__EXEEXT_FALSE=''
am__EXEEXT_TRUE=''
am__fastdepCC_FALSE='#'
am__fastdepCC_TRUE=''
am__fastdepCXX_FALSE='#'
am__fastdepCXX_TRUE=''
am__include='include'
am__isrc=''
am__leading_dot='.'
am__nodep='_no'
am__quote=''
am__tar='tar --format=ustar -chf - "$$tardir"'
am__untar='tar -xf -'
ax_pthread_config=''
bindir='${exec_prefix}/bin'
build='x86_64-unknown-linux-gnu'
build_alias=''
build_cpu='x86_64'
build_os='linux-gnu'
build_vendor='unknown'
datadir='${datarootdir}'
datarootdir='${prefix}/share'
docdir='${datarootdir}/doc/${PACKAGE_TARNAME}'
dvidir='${docdir}'
exec_prefix='NONE'
host='x86_64-unknown-linux-gnu'
host_alias=''
host_cpu='x86_64'
host_os='linux-gnu'
host_vendor='unknown'
htmldir='${docdir}'
includedir='${prefix}/include'
infodir='${datarootdir}/info'
install_sh='${SHELL} /home/msms/codes/Repair_optimal/prototype/src/libmemcached-1.0.18/build-aux/install-sh'
libdir='${exec_prefix}/lib'
libexecdir='${exec_prefix}/libexec'
localedir='${datarootdir}/locale'
localstatedir='${prefix}/var'
lt_cv_dlopen_libs='-ldl'
mandir='${datarootdir}/man'
mkdir_p='$(MKDIR_P)'
oldincludedir='/usr/include'
pdfdir='${docdir}'
prefix='/home/msms/codes/Repair_optimal/prototype/third_party/libmemcached'
program_transform_name='s,x,x,'
psdir='${docdir}'
sbindir='${exec_prefix}/sbin'
sharedstatedir='${prefix}/com'
sysconfdir='${prefix}/etc'
target_alias=''

## ----------- ##
## confdefs.h. ##
## ----------- ##

/* confdefs.h */
#define PACKAGE_NAME "libmemcached"
#define PACKAGE_TARNAME "libmemcached"
#define PACKAGE_VERSION "1.0.18"
#define PACKAGE_STRING "libmemcached 1.0.18"
#define PACKAGE_BUGREPORT "http://libmemcached.org/"
#define PACKAGE_URL ""
#define STDC_HEADERS 1
#define HAVE_SYS_TYPES_H 1
#define HAVE_SYS_STAT_H 1
#define HAVE_STDLIB_H 1
#define HAVE_STRING_H 1
#define HAVE_MEMORY_H 1
#define HAVE_STRINGS_H 1
#define HAVE_INTTYPES_H 1
#define HAVE_STDINT_H 1
#define HAVE_UNISTD_H 1
#define __EXTENSIONS__ 1
#define _ALL_SOURCE 1
#define _GNU_SOURCE 1
#define _POSIX_PTHREAD_SEMANTICS 1
#define _TANDEM_SOURCE 1
#define PACKAGE "libmemcached"
#define VERSION "1.0.18"
#define HAVE_DLFCN_H 1
#define LT_OBJDIR ".libs/"

configure: caught signal 2
configure: exit 1
